<?xml version="1.0" encoding="UTF-8"?><testsuite><properties/><testcase classname="com/test/jbehave/stories/frontend/adresgegevensOphalen.story" name="/adresgegevensOphalen.story" time="11"><failure message="          org.openqa.selenium.WebDriverException: unknown error: Runtime.evaluate threw exception: SyntaxError: Unexpected token ILLEGAL              at Object.InjectedScript._evaluateOn (&amp;lt;anonymous&amp;gt;:875:140)              at Object.InjectedScript._evaluateAndWrap (&amp;lt;anonymous&amp;gt;:808:34)              at Object.InjectedScript.evaluate (&amp;lt;anonymous&amp;gt;:664:21)            (Session info: chrome=46.0.2490.80)            (Driver info: chromedriver=2.20.353141 (da3cb4b52d3a04ce079546eac4dc96182f58602b),platform=Linux 3.13.0-66-generic x86) (WARNING: The server did not provide any stacktrace information)          Command duration or timeout: 16 milliseconds          Build info: version: '2.48.2', revision: '41bccdd10cf2c0560f637404c2d96164b67d9d67', time: '2015-10-09 13:08:06'          System info: host: 'camiel-linuxLaptop', ip: '127.0.1.1', os.name: 'Linux', os.arch: 'i386', os.version: '3.13.0-66-generic', java.version: '1.7.0_79'          Session ID: 6bcc4e6a19b2ef28c0a1647a63af0ba7          Driver info: org.openqa.selenium.chrome.ChromeDriver          Capabilities [{platform=LINUX, acceptSslCerts=true, javascriptEnabled=true, browserName=chrome, chrome={userDataDir=/tmp/.com.google.Chrome.Dr0T2t}, rotatable=false, locationContextEnabled=true, mobileEmulationEnabled=false, version=46.0.2490.80, takesHeapSnapshot=true, cssSelectorsEnabled=true, databaseEnabled=false, handlesAlerts=true, browserConnectionEnabled=false, webStorageEnabled=true, nativeEvents=true, hasTouchScreen=false, applicationCacheEnabled=false, takesScreenshot=true}]          &#9;(reflection-construct)          &#9;at org.openqa.selenium.remote.ErrorHandler.createThrowable(ErrorHandler.java:206)          &#9;at org.openqa.selenium.remote.ErrorHandler.throwIfResponseFailed(ErrorHandler.java:158)          &#9;at org.openqa.selenium.remote.RemoteWebDriver.execute(RemoteWebDriver.java:647)          &#9;at org.openqa.selenium.remote.RemoteWebDriver.executeScript(RemoteWebDriver.java:556)          &#9;at com.test.jbehave.pages.AanmeldingClientPage.openAdresgegevensTab(AanmeldingClientPage.java:167)          &#9;at com.test.jbehave.pages.AanmeldingClientPage.enterPostcode(AanmeldingClientPage.java:118)          &#9;at com.test.jbehave.steps.frontend.AanmeldingClientSteps.enterValidAdress(AanmeldingClientSteps.java:65)          &#9;(reflection-invoke)          &#9;at org.jbehave.core.steps.StepCreator$ParametrisedStep.perform(StepCreator.java:599)          &#9;at org.jbehave.core.embedder.PerformableTree$FineSoFar.run(PerformableTree.java:333)          ..."/></testcase></testsuite>