<?xml version="1.0" encoding="UTF-8"?><testsuite><properties/><testcase classname="com/test/jbehave/stories/frontend/ophalenClientgegevens.story" name="/ophalenClientgegevens.story" time="32"/><testcase classname="com/test/jbehave/stories/frontend/bsnValidation.story" name="/bsnValidation.story" time="43"><failure message="          org.junit.ComparisonFailure: expected:&amp;lt;icon-[ok]&amp;gt; but was:&amp;lt;icon-[warning-sign]&amp;gt;          &#9;at org.junit.Assert.assertEquals(Assert.java:115)          &#9;at org.junit.Assert.assertEquals(Assert.java:144)          &#9;at com.test.jbehave.steps.frontend.AanmeldingClientSteps.checkBSNAccepted(AanmeldingClientSteps.java:83)          &#9;(reflection-invoke)          &#9;at org.jbehave.core.steps.StepCreator$ParametrisedStep.perform(StepCreator.java:599)          &#9;at org.jbehave.core.embedder.PerformableTree$FineSoFar.run(PerformableTree.java:333)          ...          org.junit.ComparisonFailure: expected:&amp;lt;icon-[remove]&amp;gt; but was:&amp;lt;icon-[warning-sign]&amp;gt;          &#9;at org.junit.Assert.assertEquals(Assert.java:115)          &#9;at org.junit.Assert.assertEquals(Assert.java:144)          &#9;at com.test.jbehave.steps.frontend.AanmeldingClientSteps.checkBSNRejected(AanmeldingClientSteps.java:72)          &#9;(reflection-invoke)          &#9;at org.jbehave.core.steps.StepCreator$ParametrisedStep.perform(StepCreator.java:599)          &#9;at org.jbehave.core.embedder.PerformableTree$FineSoFar.run(PerformableTree.java:333)          ..."/></testcase><testcase classname="com/test/jbehave/stories/frontend/aanmakenZiektenbeeld.story" name="/aanmakenZiektenbeeld.story" time="28"/><testcase classname="com/test/jbehave/stories/frontend/OverigeTests.story" name="/OverigeTests.story" time="18"/><testcase classname="com/test/jbehave/stories/frontend/inladenKeuzemogelijkheden.story" name="/inladenKeuzemogelijkheden.story" time="2"><failure message="          java.lang.AssertionError: expected:&amp;lt;true&amp;gt; but was:&amp;lt;false&amp;gt;          &#9;at org.junit.Assert.fail(Assert.java:88)          &#9;at org.junit.Assert.failNotEquals(Assert.java:743)          &#9;at org.junit.Assert.assertEquals(Assert.java:118)          &#9;at org.junit.Assert.assertEquals(Assert.java:144)          &#9;at com.test.jbehave.steps.frontend.AanmeldingClientSteps.checkListItems(AanmeldingClientSteps.java:88)          &#9;(reflection-invoke)          &#9;at org.jbehave.core.steps.StepCreator$ParametrisedStep.perform(StepCreator.java:599)          &#9;at org.jbehave.core.embedder.PerformableTree$FineSoFar.run(PerformableTree.java:333)          ..."/></testcase><testcase classname="com/test/jbehave/stories/frontend/frontendLogin.story" name="/frontendLogin.story" time="10"/><testcase classname="com/test/jbehave/stories/frontend/adresgegevensOphalen.story" name="/adresgegevensOphalen.story" time="1"/><testcase classname="com/test/jbehave/stories/backend/backendLogin.story" name="backendLogin.story" time="19"/><testcase classname="com/test/jbehave/stories/backend/makeUser.story" name="makeUser.story" time="13"><failure message="          org.openqa.selenium.WebDriverException: unknown error: Element is not clickable at point (44, 189). Other element would receive the click: &amp;lt;div class=&amp;quot;ui-widget-overlay&amp;quot; style=&amp;quot;width: 1025px; height: 744px; z-index: 1001;&amp;quot;&amp;gt;&amp;lt;/div&amp;gt;            (Session info: chrome=46.0.2490.80)            (Driver info: chromedriver=2.20.353141 (da3cb4b52d3a04ce079546eac4dc96182f58602b),platform=Linux 3.13.0-66-generic x86) (WARNING: The server did not provide any stacktrace information)          Command duration or timeout: 66 milliseconds          Build info: version: '2.48.2', revision: '41bccdd10cf2c0560f637404c2d96164b67d9d67', time: '2015-10-09 13:08:06'          System info: host: 'camiel-linuxLaptop', ip: '127.0.1.1', os.name: 'Linux', os.arch: 'i386', os.version: '3.13.0-66-generic', java.version: '1.7.0_79'          Session ID: 414ab324f52fab4635e8e202645735ee          Driver info: org.openqa.selenium.chrome.ChromeDriver          Capabilities [{platform=LINUX, acceptSslCerts=true, javascriptEnabled=true, browserName=chrome, chrome={userDataDir=/tmp/.com.google.Chrome.GlGC9C}, rotatable=false, locationContextEnabled=true, mobileEmulationEnabled=false, version=46.0.2490.80, takesHeapSnapshot=true, cssSelectorsEnabled=true, databaseEnabled=false, handlesAlerts=true, browserConnectionEnabled=false, webStorageEnabled=true, nativeEvents=true, hasTouchScreen=false, applicationCacheEnabled=false, takesScreenshot=true}]          &#9;(reflection-construct)          &#9;at org.openqa.selenium.remote.ErrorHandler.createThrowable(ErrorHandler.java:206)          &#9;at org.openqa.selenium.remote.ErrorHandler.throwIfResponseFailed(ErrorHandler.java:158)          &#9;at org.openqa.selenium.remote.RemoteWebDriver.execute(RemoteWebDriver.java:647)          &#9;at org.openqa.selenium.remote.RemoteWebElement.execute(RemoteWebElement.java:326)          &#9;at org.openqa.selenium.remote.RemoteWebElement.click(RemoteWebElement.java:84)          &#9;at com.test.jbehave.pages.UserPage.checkUserWasAdded(UserPage.java:89)          &#9;at com.test.jbehave.steps.backend.MakeUserSteps.validateUser(MakeUserSteps.java:45)          &#9;(reflection-invoke)          &#9;at org.jbehave.core.steps.StepCreator$ParametrisedStep.perform(StepCreator.java:599)          &#9;at org.jbehave.core.embedder.PerformableTree$FineSoFar.run(PerformableTree.java:333)          ..."/></testcase></testsuite>