<?xml version="1.0" encoding="UTF-8"?>
<!-- Generated by org.testng.reporters.JUnitXMLReporter -->
<testsuite hostname="camiel-linuxLaptop" name="Command line test" tests="13" failures="1" timestamp="22 Jan 2016 13:33:22 GMT" time="17.4" errors="0">
  <testcase name="openUserPage" time="1.057" classname="backend.MakeUserTest"/>
  <testcase name="frontendSetup" time="1.252" classname="backend.BackendLoginTest"/>
  <testcase name="frontendSetup" time="1.379" classname="frontend.FrontendLoginTest"/>
  <testcase name="frontendInvalidUserLogin" time="0.684" classname="backend.BackendLoginTest"/>
  <testcase name="frontendInvalidPassLogin" time="0.778" classname="backend.BackendLoginTest"/>
  <testcase name="frontendInvalidLogin" time="0.755" classname="backend.BackendLoginTest"/>
  <testcase name="frontendInvalidLogin" time="0.883" classname="frontend.FrontendLoginTest"/>
  <testcase name="frontendInvalidPassLogin" time="0.839" classname="frontend.FrontendLoginTest"/>
  <testcase name="frontendInvalidUserLogin" time="0.824" classname="frontend.FrontendLoginTest"/>
  <testcase name="frontendValidLogin" time="0.905" classname="backend.BackendLoginTest"/>
  <testcase name="frontendValidLogin" time="5.801" classname="frontend.FrontendLoginTest"/>
  <testcase name="makeUser" time="2.09" classname="backend.MakeUserTest"/>
  <testcase name="validateNewUser" time="0.112" classname="backend.MakeUserTest">
    <failure type="org.openqa.selenium.WebDriverException" message="unknown error: Element is not clickable at point (44, 189). Other element would receive the click: &amp;lt;div class=&amp;quot;ui-widget-overlay&amp;quot; style=&amp;quot;width: 1025px; height: 744px; z-index: 1001;&amp;quot;&amp;gt;&amp;lt;/div&amp;gt;
  (Session info: chrome=46.0.2490.80)
  (Driver info: chromedriver=2.20.353141 (da3cb4b52d3a04ce079546eac4dc96182f58602b),platform=Linux 3.13.0-66-generic x86) (WARNING: The server did not provide any stacktrace information)
Command duration or timeout: 54 milliseconds
Build info: version: &amp;apos;2.43.0&amp;apos;, revision: &amp;apos;accb3003b9fb8f7cae30f9669b4c594a065396a6&amp;apos;, time: &amp;apos;2014-09-09 22:22:51&amp;apos;
System info: host: &amp;apos;camiel-linuxLaptop&amp;apos;, ip: &amp;apos;127.0.1.1&amp;apos;, os.name: &amp;apos;Linux&amp;apos;, os.arch: &amp;apos;i386&amp;apos;, os.version: &amp;apos;3.13.0-66-generic&amp;apos;, java.version: &amp;apos;1.7.0_79&amp;apos;
Session ID: 839236c0eb96850268853a5b31021736
Driver info: org.openqa.selenium.chrome.ChromeDriver
Capabilities [{platform=LINUX, acceptSslCerts=true, javascriptEnabled=true, browserName=chrome, chrome={userDataDir=/tmp/.com.google.Chrome.oBh8G6}, rotatable=false, locationContextEnabled=true, mobileEmulationEnabled=false, version=46.0.2490.80, takesHeapSnapshot=true, cssSelectorsEnabled=true, databaseEnabled=false, handlesAlerts=true, browserConnectionEnabled=false, nativeEvents=true, webStorageEnabled=true, hasTouchScreen=false, applicationCacheEnabled=false, takesScreenshot=true}]">
      <![CDATA[org.openqa.selenium.WebDriverException: unknown error: Element is not clickable at point (44, 189). Other element would receive the click: <div class="ui-widget-overlay" style="width: 1025px; height: 744px; z-index: 1001;"></div>
  (Session info: chrome=46.0.2490.80)
  (Driver info: chromedriver=2.20.353141 (da3cb4b52d3a04ce079546eac4dc96182f58602b),platform=Linux 3.13.0-66-generic x86) (WARNING: The server did not provide any stacktrace information)
Command duration or timeout: 54 milliseconds
Build info: version: '2.43.0', revision: 'accb3003b9fb8f7cae30f9669b4c594a065396a6', time: '2014-09-09 22:22:51'
System info: host: 'camiel-linuxLaptop', ip: '127.0.1.1', os.name: 'Linux', os.arch: 'i386', os.version: '3.13.0-66-generic', java.version: '1.7.0_79'
Session ID: 839236c0eb96850268853a5b31021736
Driver info: org.openqa.selenium.chrome.ChromeDriver
Capabilities [{platform=LINUX, acceptSslCerts=true, javascriptEnabled=true, browserName=chrome, chrome={userDataDir=/tmp/.com.google.Chrome.oBh8G6}, rotatable=false, locationContextEnabled=true, mobileEmulationEnabled=false, version=46.0.2490.80, takesHeapSnapshot=true, cssSelectorsEnabled=true, databaseEnabled=false, handlesAlerts=true, browserConnectionEnabled=false, nativeEvents=true, webStorageEnabled=true, hasTouchScreen=false, applicationCacheEnabled=false, takesScreenshot=true}]
	at org.openqa.selenium.remote.ErrorHandler.createThrowable(ErrorHandler.java:204)
	at org.openqa.selenium.remote.ErrorHandler.throwIfResponseFailed(ErrorHandler.java:156)
	at org.openqa.selenium.remote.RemoteWebDriver.execute(RemoteWebDriver.java:599)
	at org.openqa.selenium.remote.RemoteWebElement.execute(RemoteWebElement.java:268)
	at org.openqa.selenium.remote.RemoteWebElement.click(RemoteWebElement.java:79)
	at backend.MakeUserTest.validateNewUser(MakeUserTest.java:71)
... Removed 38 stack frames]]>
    </failure>
  </testcase> <!-- validateNewUser -->
</testsuite> <!-- Command line test -->
