<?xml version="1.0" encoding="UTF-8"?>
<robot generated="20151115 16:18:02.522" generator="Robot 2.9.2 (Python 2.7.3 on linux2)">
<suite source="/home/camiel/Documents/TestFrameworks/Robot/testSuite/testScripts/frontend/Login.robot" id="s1" name="Login">
<test id="s1-t1" name="Suite setup">
<kw name="Open Browser To Login Page" library="frontendResource">
<kw name="Open Browser" library="Selenium2Library">
<doc>Opens a new browser instance to given URL.</doc>
<arguments>
<arg>${LOGIN URL}</arg>
<arg>${BROWSER}</arg>
</arguments>
<msg timestamp="20151115 16:18:02.626" level="INFO">Opening browser 'Chrome' to base url 'http://localhost:8084/forms/authentication/login'</msg>
<status status="PASS" endtime="20151115 16:18:04.313" starttime="20151115 16:18:02.625"></status>
</kw>
<kw name="Maximize Browser Window" library="Selenium2Library">
<doc>Maximizes current browser window.</doc>
<status status="PASS" endtime="20151115 16:18:04.498" starttime="20151115 16:18:04.314"></status>
</kw>
<kw name="Set Selenium Speed" library="Selenium2Library">
<doc>Sets the delay in seconds that is waited after each Selenium command.</doc>
<arguments>
<arg>${DELAY}</arg>
</arguments>
<status status="PASS" endtime="20151115 16:18:04.500" starttime="20151115 16:18:04.499"></status>
</kw>
<kw name="Login Page Should Be Open" library="frontendResource">
<kw name="Title Should Be" library="Selenium2Library">
<doc>Verifies that current page title equals `title`.</doc>
<arguments>
<arg>Login</arg>
</arguments>
<kw name="Capture Page Screenshot" library="Selenium2Library">
<doc>Takes a screenshot of the current page and embeds it into the log.</doc>
<msg timestamp="20151115 16:18:04.640" html="yes" level="INFO">&lt;/td&gt;&lt;/tr&gt;&lt;tr&gt;&lt;td colspan="3"&gt;&lt;a href="selenium-screenshot-1.png"&gt;&lt;img src="selenium-screenshot-1.png" width="800px"&gt;&lt;/a&gt;</msg>
<status status="PASS" endtime="20151115 16:18:04.641" starttime="20151115 16:18:04.512"></status>
</kw>
<msg timestamp="20151115 16:18:04.644" level="FAIL">Title should have been 'Login' but was 'http://localhost:8084/forms/authentication/login is not available'</msg>
<status status="FAIL" endtime="20151115 16:18:04.645" starttime="20151115 16:18:04.502"></status>
</kw>
<status status="FAIL" endtime="20151115 16:18:04.646" starttime="20151115 16:18:04.501"></status>
</kw>
<status status="FAIL" endtime="20151115 16:18:04.646" starttime="20151115 16:18:02.625"></status>
</kw>
<status status="FAIL" endtime="20151115 16:18:04.647" critical="yes" starttime="20151115 16:18:02.624">Title should have been 'Login' but was 'http://localhost:8084/forms/authentication/login is not available'</status>
</test>
<test id="s1-t2" name="Invalid password">
<kw name="Input Username" library="frontendResource">
<arguments>
<arg>demo</arg>
</arguments>
<kw name="Wait Until Element Is Visible" library="Selenium2Library">
<doc>Waits until element specified with `locator` is visible.</doc>
<arguments>
<arg>id=username</arg>
</arguments>
<kw name="Capture Page Screenshot" library="Selenium2Library">
<doc>Takes a screenshot of the current page and embeds it into the log.</doc>
<msg timestamp="20151115 16:18:07.732" level="FAIL">WebDriverException: Message: chrome not reachable
  (Session info: chrome=46.0.2490.80)
  (Driver info: chromedriver=2.20.353141 (da3cb4b52d3a04ce079546eac4dc96182f58602b),platform=Linux 3.13.0-66-generic x86)
</msg>
<status status="FAIL" endtime="20151115 16:18:07.733" starttime="20151115 16:18:07.723"></status>
</kw>
<msg timestamp="20151115 16:18:07.734" level="WARN">Keyword 'Capture Page Screenshot' could not be run on failure: WebDriverException: Message: chrome not reachable
  (Session info: chrome=46.0.2490.80)
  (Driver info: chromedriver=2.20.353141 (da3cb4b52d3a04ce079546eac4dc96182f58602b),platform=Linux 3.13.0-66-generic x86)
</msg>
<msg timestamp="20151115 16:18:07.737" level="FAIL">WebDriverException: Message: chrome not reachable
  (Session info: chrome=46.0.2490.80)
  (Driver info: chromedriver=2.20.353141 (da3cb4b52d3a04ce079546eac4dc96182f58602b),platform=Linux 3.13.0-66-generic x86)
</msg>
<status status="FAIL" endtime="20151115 16:18:07.738" starttime="20151115 16:18:04.651"></status>
</kw>
<status status="FAIL" endtime="20151115 16:18:07.739" starttime="20151115 16:18:04.649"></status>
</kw>
<status status="FAIL" endtime="20151115 16:18:07.740" critical="yes" starttime="20151115 16:18:04.648">WebDriverException: Message: chrome not reachable
  (Session info: chrome=46.0.2490.80)
  (Driver info: chromedriver=2.20.353141 (da3cb4b52d3a04ce079546eac4dc96182f58602b),platform=Linux 3.13.0-66-generic x86)
</status>
</test>
<test id="s1-t3" name="Invalid username">
<kw name="Input Username" library="frontendResource">
<arguments>
<arg>piet</arg>
</arguments>
<kw name="Wait Until Element Is Visible" library="Selenium2Library">
<doc>Waits until element specified with `locator` is visible.</doc>
<arguments>
<arg>id=username</arg>
</arguments>
<kw name="Capture Page Screenshot" library="Selenium2Library">
<doc>Takes a screenshot of the current page and embeds it into the log.</doc>
<msg timestamp="20151115 16:18:07.751" level="FAIL">WebDriverException: Message: chrome not reachable
  (Session info: chrome=46.0.2490.80)
  (Driver info: chromedriver=2.20.353141 (da3cb4b52d3a04ce079546eac4dc96182f58602b),platform=Linux 3.13.0-66-generic x86)
</msg>
<status status="FAIL" endtime="20151115 16:18:07.752" starttime="20151115 16:18:07.747"></status>
</kw>
<msg timestamp="20151115 16:18:07.752" level="WARN">Keyword 'Capture Page Screenshot' could not be run on failure: WebDriverException: Message: chrome not reachable
  (Session info: chrome=46.0.2490.80)
  (Driver info: chromedriver=2.20.353141 (da3cb4b52d3a04ce079546eac4dc96182f58602b),platform=Linux 3.13.0-66-generic x86)
</msg>
<msg timestamp="20151115 16:18:07.754" level="FAIL">WebDriverException: Message: chrome not reachable
  (Session info: chrome=46.0.2490.80)
  (Driver info: chromedriver=2.20.353141 (da3cb4b52d3a04ce079546eac4dc96182f58602b),platform=Linux 3.13.0-66-generic x86)
</msg>
<status status="FAIL" endtime="20151115 16:18:07.754" starttime="20151115 16:18:07.743"></status>
</kw>
<status status="FAIL" endtime="20151115 16:18:07.755" starttime="20151115 16:18:07.742"></status>
</kw>
<status status="FAIL" endtime="20151115 16:18:07.755" critical="yes" starttime="20151115 16:18:07.741">WebDriverException: Message: chrome not reachable
  (Session info: chrome=46.0.2490.80)
  (Driver info: chromedriver=2.20.353141 (da3cb4b52d3a04ce079546eac4dc96182f58602b),platform=Linux 3.13.0-66-generic x86)
</status>
</test>
<test id="s1-t4" name="Invalid password and username">
<kw name="Input Username" library="frontendResource">
<arguments>
<arg>piet</arg>
</arguments>
<kw name="Wait Until Element Is Visible" library="Selenium2Library">
<doc>Waits until element specified with `locator` is visible.</doc>
<arguments>
<arg>id=username</arg>
</arguments>
<kw name="Capture Page Screenshot" library="Selenium2Library">
<doc>Takes a screenshot of the current page and embeds it into the log.</doc>
<msg timestamp="20151115 16:18:07.769" level="FAIL">WebDriverException: Message: chrome not reachable
  (Session info: chrome=46.0.2490.80)
  (Driver info: chromedriver=2.20.353141 (da3cb4b52d3a04ce079546eac4dc96182f58602b),platform=Linux 3.13.0-66-generic x86)
</msg>
<status status="FAIL" endtime="20151115 16:18:07.769" starttime="20151115 16:18:07.764"></status>
</kw>
<msg timestamp="20151115 16:18:07.770" level="WARN">Keyword 'Capture Page Screenshot' could not be run on failure: WebDriverException: Message: chrome not reachable
  (Session info: chrome=46.0.2490.80)
  (Driver info: chromedriver=2.20.353141 (da3cb4b52d3a04ce079546eac4dc96182f58602b),platform=Linux 3.13.0-66-generic x86)
</msg>
<msg timestamp="20151115 16:18:07.771" level="FAIL">WebDriverException: Message: chrome not reachable
  (Session info: chrome=46.0.2490.80)
  (Driver info: chromedriver=2.20.353141 (da3cb4b52d3a04ce079546eac4dc96182f58602b),platform=Linux 3.13.0-66-generic x86)
</msg>
<status status="FAIL" endtime="20151115 16:18:07.771" starttime="20151115 16:18:07.759"></status>
</kw>
<status status="FAIL" endtime="20151115 16:18:07.772" starttime="20151115 16:18:07.757"></status>
</kw>
<status status="FAIL" endtime="20151115 16:18:07.773" critical="yes" starttime="20151115 16:18:07.756">WebDriverException: Message: chrome not reachable
  (Session info: chrome=46.0.2490.80)
  (Driver info: chromedriver=2.20.353141 (da3cb4b52d3a04ce079546eac4dc96182f58602b),platform=Linux 3.13.0-66-generic x86)
</status>
</test>
<test id="s1-t5" name="Valid password and username">
<kw name="Input Username" library="frontendResource">
<arguments>
<arg>demo</arg>
</arguments>
<kw name="Wait Until Element Is Visible" library="Selenium2Library">
<doc>Waits until element specified with `locator` is visible.</doc>
<arguments>
<arg>id=username</arg>
</arguments>
<kw name="Capture Page Screenshot" library="Selenium2Library">
<doc>Takes a screenshot of the current page and embeds it into the log.</doc>
<msg timestamp="20151115 16:18:07.785" level="FAIL">WebDriverException: Message: chrome not reachable
  (Session info: chrome=46.0.2490.80)
  (Driver info: chromedriver=2.20.353141 (da3cb4b52d3a04ce079546eac4dc96182f58602b),platform=Linux 3.13.0-66-generic x86)
</msg>
<status status="FAIL" endtime="20151115 16:18:07.785" starttime="20151115 16:18:07.780"></status>
</kw>
<msg timestamp="20151115 16:18:07.786" level="WARN">Keyword 'Capture Page Screenshot' could not be run on failure: WebDriverException: Message: chrome not reachable
  (Session info: chrome=46.0.2490.80)
  (Driver info: chromedriver=2.20.353141 (da3cb4b52d3a04ce079546eac4dc96182f58602b),platform=Linux 3.13.0-66-generic x86)
</msg>
<msg timestamp="20151115 16:18:07.787" level="FAIL">WebDriverException: Message: chrome not reachable
  (Session info: chrome=46.0.2490.80)
  (Driver info: chromedriver=2.20.353141 (da3cb4b52d3a04ce079546eac4dc96182f58602b),platform=Linux 3.13.0-66-generic x86)
</msg>
<status status="FAIL" endtime="20151115 16:18:07.787" starttime="20151115 16:18:07.777"></status>
</kw>
<status status="FAIL" endtime="20151115 16:18:07.788" starttime="20151115 16:18:07.776"></status>
</kw>
<status status="FAIL" endtime="20151115 16:18:07.789" critical="yes" starttime="20151115 16:18:07.774">WebDriverException: Message: chrome not reachable
  (Session info: chrome=46.0.2490.80)
  (Driver info: chromedriver=2.20.353141 (da3cb4b52d3a04ce079546eac4dc96182f58602b),platform=Linux 3.13.0-66-generic x86)
</status>
</test>
<test id="s1-t6" name="Suite teardown">
<kw name="Browser Should Be Open" library="frontendResource">
<kw name="Location Should Contain" library="Selenium2Library">
<doc>Verifies that current URL contains `expected`.</doc>
<arguments>
<arg>http://${SERVER}/forms/</arg>
</arguments>
<kw name="Capture Page Screenshot" library="Selenium2Library">
<doc>Takes a screenshot of the current page and embeds it into the log.</doc>
<msg timestamp="20151115 16:18:07.800" level="FAIL">WebDriverException: Message: chrome not reachable
  (Session info: chrome=46.0.2490.80)
  (Driver info: chromedriver=2.20.353141 (da3cb4b52d3a04ce079546eac4dc96182f58602b),platform=Linux 3.13.0-66-generic x86)
</msg>
<status status="FAIL" endtime="20151115 16:18:07.801" starttime="20151115 16:18:07.795"></status>
</kw>
<msg timestamp="20151115 16:18:07.801" level="WARN">Keyword 'Capture Page Screenshot' could not be run on failure: WebDriverException: Message: chrome not reachable
  (Session info: chrome=46.0.2490.80)
  (Driver info: chromedriver=2.20.353141 (da3cb4b52d3a04ce079546eac4dc96182f58602b),platform=Linux 3.13.0-66-generic x86)
</msg>
<msg timestamp="20151115 16:18:07.802" level="FAIL">WebDriverException: Message: chrome not reachable
  (Session info: chrome=46.0.2490.80)
  (Driver info: chromedriver=2.20.353141 (da3cb4b52d3a04ce079546eac4dc96182f58602b),platform=Linux 3.13.0-66-generic x86)
</msg>
<status status="FAIL" endtime="20151115 16:18:07.803" starttime="20151115 16:18:07.791"></status>
</kw>
<status status="FAIL" endtime="20151115 16:18:07.803" starttime="20151115 16:18:07.790"></status>
</kw>
<kw type="teardown" name="Close Browser" library="Selenium2Library">
<doc>Closes the current browser.</doc>
<status status="PASS" endtime="20151115 16:18:07.812" starttime="20151115 16:18:07.804"></status>
</kw>
<status status="FAIL" endtime="20151115 16:18:07.813" critical="yes" starttime="20151115 16:18:07.789">WebDriverException: Message: chrome not reachable
  (Session info: chrome=46.0.2490.80)
  (Driver info: chromedriver=2.20.353141 (da3cb4b52d3a04ce079546eac4dc96182f58602b),platform=Linux 3.13.0-66-generic x86)
</status>
</test>
<doc>A test suite to test the wfp frontend login.</doc>
<status status="FAIL" endtime="20151115 16:18:07.814" starttime="20151115 16:18:02.523"></status>
</suite>
<statistics>
<total>
<stat fail="6" pass="0">Critical Tests</stat>
<stat fail="6" pass="0">All Tests</stat>
</total>
<tag>
</tag>
<suite>
<stat fail="6" id="s1" name="Login" pass="0">Login</stat>
</suite>
</statistics>
<errors>
<msg timestamp="20151115 16:18:07.734" level="WARN">Keyword 'Capture Page Screenshot' could not be run on failure: WebDriverException: Message: chrome not reachable
  (Session info: chrome=46.0.2490.80)
  (Driver info: chromedriver=2.20.353141 (da3cb4b52d3a04ce079546eac4dc96182f58602b),platform=Linux 3.13.0-66-generic x86)
</msg>
<msg timestamp="20151115 16:18:07.752" level="WARN">Keyword 'Capture Page Screenshot' could not be run on failure: WebDriverException: Message: chrome not reachable
  (Session info: chrome=46.0.2490.80)
  (Driver info: chromedriver=2.20.353141 (da3cb4b52d3a04ce079546eac4dc96182f58602b),platform=Linux 3.13.0-66-generic x86)
</msg>
<msg timestamp="20151115 16:18:07.770" level="WARN">Keyword 'Capture Page Screenshot' could not be run on failure: WebDriverException: Message: chrome not reachable
  (Session info: chrome=46.0.2490.80)
  (Driver info: chromedriver=2.20.353141 (da3cb4b52d3a04ce079546eac4dc96182f58602b),platform=Linux 3.13.0-66-generic x86)
</msg>
<msg timestamp="20151115 16:18:07.786" level="WARN">Keyword 'Capture Page Screenshot' could not be run on failure: WebDriverException: Message: chrome not reachable
  (Session info: chrome=46.0.2490.80)
  (Driver info: chromedriver=2.20.353141 (da3cb4b52d3a04ce079546eac4dc96182f58602b),platform=Linux 3.13.0-66-generic x86)
</msg>
<msg timestamp="20151115 16:18:07.801" level="WARN">Keyword 'Capture Page Screenshot' could not be run on failure: WebDriverException: Message: chrome not reachable
  (Session info: chrome=46.0.2490.80)
  (Driver info: chromedriver=2.20.353141 (da3cb4b52d3a04ce079546eac4dc96182f58602b),platform=Linux 3.13.0-66-generic x86)
</msg>
</errors>
</robot>
