<?xml version="1.0" encoding="UTF-8"?>
<robot generated="20151115 16:18:10.972" generator="Robot 2.9.2 (Python 2.7.3 on linux2)">
<suite source="/home/camiel/Documents/TestFrameworks/Robot/testSuite/testScripts/backend/Login.robot" id="s1" name="Login">
<test id="s1-t1" name="Backend setup">
<kw name="Open Browser To Login Page" library="backendResource">
<kw name="Open Browser" library="Selenium2Library">
<doc>Opens a new browser instance to given URL.</doc>
<arguments>
<arg>${LOGIN URL}</arg>
<arg>${BROWSER}</arg>
</arguments>
<msg timestamp="20151115 16:18:11.085" level="INFO">Opening browser 'Chrome' to base url 'http://localhost:8082/workflow4people/login/auth'</msg>
<status status="PASS" endtime="20151115 16:18:12.783" starttime="20151115 16:18:11.084"></status>
</kw>
<kw name="Maximize Browser Window" library="Selenium2Library">
<doc>Maximizes current browser window.</doc>
<status status="PASS" endtime="20151115 16:18:12.961" starttime="20151115 16:18:12.785"></status>
</kw>
<kw name="Set Fast Speed" library="backendResource">
<kw name="Set Selenium Speed" library="Selenium2Library">
<doc>Sets the delay in seconds that is waited after each Selenium command.</doc>
<arguments>
<arg>0</arg>
</arguments>
<status status="PASS" endtime="20151115 16:18:12.965" starttime="20151115 16:18:12.963"></status>
</kw>
<status status="PASS" endtime="20151115 16:18:12.965" starttime="20151115 16:18:12.962"></status>
</kw>
<kw name="Login Page Should Be Open" library="backendResource">
<kw name="Title Should Be" library="Selenium2Library">
<doc>Verifies that current page title equals `title`.</doc>
<arguments>
<arg>Login</arg>
</arguments>
<kw name="Capture Page Screenshot" library="Selenium2Library">
<doc>Takes a screenshot of the current page and embeds it into the log.</doc>
<msg timestamp="20151115 16:18:13.111" html="yes" level="INFO">&lt;/td&gt;&lt;/tr&gt;&lt;tr&gt;&lt;td colspan="3"&gt;&lt;a href="selenium-screenshot-1.png"&gt;&lt;img src="selenium-screenshot-1.png" width="800px"&gt;&lt;/a&gt;</msg>
<status status="PASS" endtime="20151115 16:18:13.111" starttime="20151115 16:18:12.979"></status>
</kw>
<msg timestamp="20151115 16:18:13.113" level="FAIL">Title should have been 'Login' but was 'http://localhost:8082/workflow4people/login/auth is not available'</msg>
<status status="FAIL" endtime="20151115 16:18:13.113" starttime="20151115 16:18:12.967"></status>
</kw>
<status status="FAIL" endtime="20151115 16:18:13.114" starttime="20151115 16:18:12.966"></status>
</kw>
<status status="FAIL" endtime="20151115 16:18:13.115" starttime="20151115 16:18:11.084"></status>
</kw>
<status status="FAIL" endtime="20151115 16:18:13.116" critical="yes" starttime="20151115 16:18:11.083">Title should have been 'Login' but was 'http://localhost:8082/workflow4people/login/auth is not available'</status>
</test>
<test id="s1-t2" name="Invalid password">
<kw name="Input Username" library="backendResource">
<arguments>
<arg>admin</arg>
</arguments>
<kw name="Wait Until Element Is Visible" library="Selenium2Library">
<doc>Waits until element specified with `locator` is visible.</doc>
<arguments>
<arg>id=j_username</arg>
</arguments>
<kw name="Capture Page Screenshot" library="Selenium2Library">
<doc>Takes a screenshot of the current page and embeds it into the log.</doc>
<msg timestamp="20151115 16:18:15.558" level="FAIL">WebDriverException: Message: chrome not reachable
  (Session info: chrome=46.0.2490.80)
  (Driver info: chromedriver=2.20.353141 (da3cb4b52d3a04ce079546eac4dc96182f58602b),platform=Linux 3.13.0-66-generic x86)
</msg>
<status status="FAIL" endtime="20151115 16:18:15.559" starttime="20151115 16:18:15.548"></status>
</kw>
<msg timestamp="20151115 16:18:15.559" level="WARN">Keyword 'Capture Page Screenshot' could not be run on failure: WebDriverException: Message: chrome not reachable
  (Session info: chrome=46.0.2490.80)
  (Driver info: chromedriver=2.20.353141 (da3cb4b52d3a04ce079546eac4dc96182f58602b),platform=Linux 3.13.0-66-generic x86)
</msg>
<msg timestamp="20151115 16:18:15.562" level="FAIL">WebDriverException: Message: chrome not reachable
  (Session info: chrome=46.0.2490.80)
  (Driver info: chromedriver=2.20.353141 (da3cb4b52d3a04ce079546eac4dc96182f58602b),platform=Linux 3.13.0-66-generic x86)
</msg>
<status status="FAIL" endtime="20151115 16:18:15.563" starttime="20151115 16:18:13.120"></status>
</kw>
<status status="FAIL" endtime="20151115 16:18:15.564" starttime="20151115 16:18:13.119"></status>
</kw>
<status status="FAIL" endtime="20151115 16:18:15.565" critical="yes" starttime="20151115 16:18:13.117">WebDriverException: Message: chrome not reachable
  (Session info: chrome=46.0.2490.80)
  (Driver info: chromedriver=2.20.353141 (da3cb4b52d3a04ce079546eac4dc96182f58602b),platform=Linux 3.13.0-66-generic x86)
</status>
</test>
<test id="s1-t3" name="Invalid username">
<kw name="Input Username" library="backendResource">
<arguments>
<arg>piet</arg>
</arguments>
<kw name="Wait Until Element Is Visible" library="Selenium2Library">
<doc>Waits until element specified with `locator` is visible.</doc>
<arguments>
<arg>id=j_username</arg>
</arguments>
<kw name="Capture Page Screenshot" library="Selenium2Library">
<doc>Takes a screenshot of the current page and embeds it into the log.</doc>
<msg timestamp="20151115 16:18:15.576" level="FAIL">WebDriverException: Message: chrome not reachable
  (Session info: chrome=46.0.2490.80)
  (Driver info: chromedriver=2.20.353141 (da3cb4b52d3a04ce079546eac4dc96182f58602b),platform=Linux 3.13.0-66-generic x86)
</msg>
<status status="FAIL" endtime="20151115 16:18:15.576" starttime="20151115 16:18:15.571"></status>
</kw>
<msg timestamp="20151115 16:18:15.577" level="WARN">Keyword 'Capture Page Screenshot' could not be run on failure: WebDriverException: Message: chrome not reachable
  (Session info: chrome=46.0.2490.80)
  (Driver info: chromedriver=2.20.353141 (da3cb4b52d3a04ce079546eac4dc96182f58602b),platform=Linux 3.13.0-66-generic x86)
</msg>
<msg timestamp="20151115 16:18:15.578" level="FAIL">WebDriverException: Message: chrome not reachable
  (Session info: chrome=46.0.2490.80)
  (Driver info: chromedriver=2.20.353141 (da3cb4b52d3a04ce079546eac4dc96182f58602b),platform=Linux 3.13.0-66-generic x86)
</msg>
<status status="FAIL" endtime="20151115 16:18:15.578" starttime="20151115 16:18:15.568"></status>
</kw>
<status status="FAIL" endtime="20151115 16:18:15.579" starttime="20151115 16:18:15.567"></status>
</kw>
<status status="FAIL" endtime="20151115 16:18:15.581" critical="yes" starttime="20151115 16:18:15.566">WebDriverException: Message: chrome not reachable
  (Session info: chrome=46.0.2490.80)
  (Driver info: chromedriver=2.20.353141 (da3cb4b52d3a04ce079546eac4dc96182f58602b),platform=Linux 3.13.0-66-generic x86)
</status>
</test>
<test id="s1-t4" name="Invalid password and username">
<kw name="Input Username" library="backendResource">
<arguments>
<arg>piet</arg>
</arguments>
<kw name="Wait Until Element Is Visible" library="Selenium2Library">
<doc>Waits until element specified with `locator` is visible.</doc>
<arguments>
<arg>id=j_username</arg>
</arguments>
<kw name="Capture Page Screenshot" library="Selenium2Library">
<doc>Takes a screenshot of the current page and embeds it into the log.</doc>
<msg timestamp="20151115 16:18:15.593" level="FAIL">WebDriverException: Message: chrome not reachable
  (Session info: chrome=46.0.2490.80)
  (Driver info: chromedriver=2.20.353141 (da3cb4b52d3a04ce079546eac4dc96182f58602b),platform=Linux 3.13.0-66-generic x86)
</msg>
<status status="FAIL" endtime="20151115 16:18:15.594" starttime="20151115 16:18:15.588"></status>
</kw>
<msg timestamp="20151115 16:18:15.594" level="WARN">Keyword 'Capture Page Screenshot' could not be run on failure: WebDriverException: Message: chrome not reachable
  (Session info: chrome=46.0.2490.80)
  (Driver info: chromedriver=2.20.353141 (da3cb4b52d3a04ce079546eac4dc96182f58602b),platform=Linux 3.13.0-66-generic x86)
</msg>
<msg timestamp="20151115 16:18:15.595" level="FAIL">WebDriverException: Message: chrome not reachable
  (Session info: chrome=46.0.2490.80)
  (Driver info: chromedriver=2.20.353141 (da3cb4b52d3a04ce079546eac4dc96182f58602b),platform=Linux 3.13.0-66-generic x86)
</msg>
<status status="FAIL" endtime="20151115 16:18:15.596" starttime="20151115 16:18:15.584"></status>
</kw>
<status status="FAIL" endtime="20151115 16:18:15.596" starttime="20151115 16:18:15.583"></status>
</kw>
<status status="FAIL" endtime="20151115 16:18:15.597" critical="yes" starttime="20151115 16:18:15.582">WebDriverException: Message: chrome not reachable
  (Session info: chrome=46.0.2490.80)
  (Driver info: chromedriver=2.20.353141 (da3cb4b52d3a04ce079546eac4dc96182f58602b),platform=Linux 3.13.0-66-generic x86)
</status>
</test>
<test id="s1-t5" name="Valid password and username">
<kw name="Input Username" library="backendResource">
<arguments>
<arg>admin</arg>
</arguments>
<kw name="Wait Until Element Is Visible" library="Selenium2Library">
<doc>Waits until element specified with `locator` is visible.</doc>
<arguments>
<arg>id=j_username</arg>
</arguments>
<kw name="Capture Page Screenshot" library="Selenium2Library">
<doc>Takes a screenshot of the current page and embeds it into the log.</doc>
<msg timestamp="20151115 16:18:15.609" level="FAIL">WebDriverException: Message: chrome not reachable
  (Session info: chrome=46.0.2490.80)
  (Driver info: chromedriver=2.20.353141 (da3cb4b52d3a04ce079546eac4dc96182f58602b),platform=Linux 3.13.0-66-generic x86)
</msg>
<status status="FAIL" endtime="20151115 16:18:15.610" starttime="20151115 16:18:15.604"></status>
</kw>
<msg timestamp="20151115 16:18:15.611" level="WARN">Keyword 'Capture Page Screenshot' could not be run on failure: WebDriverException: Message: chrome not reachable
  (Session info: chrome=46.0.2490.80)
  (Driver info: chromedriver=2.20.353141 (da3cb4b52d3a04ce079546eac4dc96182f58602b),platform=Linux 3.13.0-66-generic x86)
</msg>
<msg timestamp="20151115 16:18:15.612" level="FAIL">WebDriverException: Message: chrome not reachable
  (Session info: chrome=46.0.2490.80)
  (Driver info: chromedriver=2.20.353141 (da3cb4b52d3a04ce079546eac4dc96182f58602b),platform=Linux 3.13.0-66-generic x86)
</msg>
<status status="FAIL" endtime="20151115 16:18:15.612" starttime="20151115 16:18:15.600"></status>
</kw>
<status status="FAIL" endtime="20151115 16:18:15.613" starttime="20151115 16:18:15.599"></status>
</kw>
<status status="FAIL" endtime="20151115 16:18:15.614" critical="yes" starttime="20151115 16:18:15.598">WebDriverException: Message: chrome not reachable
  (Session info: chrome=46.0.2490.80)
  (Driver info: chromedriver=2.20.353141 (da3cb4b52d3a04ce079546eac4dc96182f58602b),platform=Linux 3.13.0-66-generic x86)
</status>
</test>
<test id="s1-t6" name="Backend teardown">
<kw name="Browser Should Be Open" library="backendResource">
<kw name="Location Should Contain" library="Selenium2Library">
<doc>Verifies that current URL contains `expected`.</doc>
<arguments>
<arg>http://${SERVER}/</arg>
</arguments>
<kw name="Capture Page Screenshot" library="Selenium2Library">
<doc>Takes a screenshot of the current page and embeds it into the log.</doc>
<msg timestamp="20151115 16:18:15.626" level="FAIL">WebDriverException: Message: chrome not reachable
  (Session info: chrome=46.0.2490.80)
  (Driver info: chromedriver=2.20.353141 (da3cb4b52d3a04ce079546eac4dc96182f58602b),platform=Linux 3.13.0-66-generic x86)
</msg>
<status status="FAIL" endtime="20151115 16:18:15.626" starttime="20151115 16:18:15.621"></status>
</kw>
<msg timestamp="20151115 16:18:15.626" level="WARN">Keyword 'Capture Page Screenshot' could not be run on failure: WebDriverException: Message: chrome not reachable
  (Session info: chrome=46.0.2490.80)
  (Driver info: chromedriver=2.20.353141 (da3cb4b52d3a04ce079546eac4dc96182f58602b),platform=Linux 3.13.0-66-generic x86)
</msg>
<msg timestamp="20151115 16:18:15.627" level="FAIL">WebDriverException: Message: chrome not reachable
  (Session info: chrome=46.0.2490.80)
  (Driver info: chromedriver=2.20.353141 (da3cb4b52d3a04ce079546eac4dc96182f58602b),platform=Linux 3.13.0-66-generic x86)
</msg>
<status status="FAIL" endtime="20151115 16:18:15.627" starttime="20151115 16:18:15.617"></status>
</kw>
<status status="FAIL" endtime="20151115 16:18:15.628" starttime="20151115 16:18:15.616"></status>
</kw>
<kw type="teardown" name="Close Browser" library="Selenium2Library">
<doc>Closes the current browser.</doc>
<status status="PASS" endtime="20151115 16:18:15.633" starttime="20151115 16:18:15.629"></status>
</kw>
<status status="FAIL" endtime="20151115 16:18:15.633" critical="yes" starttime="20151115 16:18:15.615">WebDriverException: Message: chrome not reachable
  (Session info: chrome=46.0.2490.80)
  (Driver info: chromedriver=2.20.353141 (da3cb4b52d3a04ce079546eac4dc96182f58602b),platform=Linux 3.13.0-66-generic x86)
</status>
</test>
<doc>A test suite to test the wfp backend login.</doc>
<status status="FAIL" endtime="20151115 16:18:15.634" starttime="20151115 16:18:10.972"></status>
</suite>
<statistics>
<total>
<stat fail="6" pass="0">Critical Tests</stat>
<stat fail="6" pass="0">All Tests</stat>
</total>
<tag>
</tag>
<suite>
<stat fail="6" id="s1" name="Login" pass="0">Login</stat>
</suite>
</statistics>
<errors>
<msg timestamp="20151115 16:18:15.559" level="WARN">Keyword 'Capture Page Screenshot' could not be run on failure: WebDriverException: Message: chrome not reachable
  (Session info: chrome=46.0.2490.80)
  (Driver info: chromedriver=2.20.353141 (da3cb4b52d3a04ce079546eac4dc96182f58602b),platform=Linux 3.13.0-66-generic x86)
</msg>
<msg timestamp="20151115 16:18:15.577" level="WARN">Keyword 'Capture Page Screenshot' could not be run on failure: WebDriverException: Message: chrome not reachable
  (Session info: chrome=46.0.2490.80)
  (Driver info: chromedriver=2.20.353141 (da3cb4b52d3a04ce079546eac4dc96182f58602b),platform=Linux 3.13.0-66-generic x86)
</msg>
<msg timestamp="20151115 16:18:15.594" level="WARN">Keyword 'Capture Page Screenshot' could not be run on failure: WebDriverException: Message: chrome not reachable
  (Session info: chrome=46.0.2490.80)
  (Driver info: chromedriver=2.20.353141 (da3cb4b52d3a04ce079546eac4dc96182f58602b),platform=Linux 3.13.0-66-generic x86)
</msg>
<msg timestamp="20151115 16:18:15.611" level="WARN">Keyword 'Capture Page Screenshot' could not be run on failure: WebDriverException: Message: chrome not reachable
  (Session info: chrome=46.0.2490.80)
  (Driver info: chromedriver=2.20.353141 (da3cb4b52d3a04ce079546eac4dc96182f58602b),platform=Linux 3.13.0-66-generic x86)
</msg>
<msg timestamp="20151115 16:18:15.626" level="WARN">Keyword 'Capture Page Screenshot' could not be run on failure: WebDriverException: Message: chrome not reachable
  (Session info: chrome=46.0.2490.80)
  (Driver info: chromedriver=2.20.353141 (da3cb4b52d3a04ce079546eac4dc96182f58602b),platform=Linux 3.13.0-66-generic x86)
</msg>
</errors>
</robot>
