<html>
<head>
<title>TestNG:  Command line test</title>
<link href="../testng.css" rel="stylesheet" type="text/css" />
<link href="../my-testng.css" rel="stylesheet" type="text/css" />

<style type="text/css">
.log { display: none;} 
.stack-trace { display: none;} 
</style>
<script type="text/javascript">
<!--
function flip(e) {
  current = e.style.display;
  if (current == 'block') {
    e.style.display = 'none';
    return 0;
  }
  else {
    e.style.display = 'block';
    return 1;
  }
}

function toggleBox(szDivId, elem, msg1, msg2)
{
  var res = -1;  if (document.getElementById) {
    res = flip(document.getElementById(szDivId));
  }
  else if (document.all) {
    // this is the way old msie versions work
    res = flip(document.all[szDivId]);
  }
  if(elem) {
    if(res == 0) elem.innerHTML = msg1; else elem.innerHTML = msg2;
  }

}

function toggleAllBoxes() {
  if (document.getElementsByTagName) {
    d = document.getElementsByTagName('div');
    for (i = 0; i < d.length; i++) {
      if (d[i].className == 'log') {
        flip(d[i]);
      }
    }
  }
}

// -->
</script>

</head>
<body>
<h2 align='center'>Command line test</h2><table border='1' align="center">
<tr>
<td>Tests passed/Failed/Skipped:</td><td>12/1/0</td>
</tr><tr>
<td>Started on:</td><td>Fri Jan 22 14:50:02 CET 2016</td>
</tr>
<tr><td>Total time:</td><td>16 seconds (16935 ms)</td>
</tr><tr>
<td>Included groups:</td><td></td>
</tr><tr>
<td>Excluded groups:</td><td></td>
</tr>
</table><p/>
<small><i>(Hover the method name to see the test class name)</i></small><p/>
<table width='100%' border='1' class='invocation-failed'>
<tr><td colspan='4' align='center'><b>FAILED TESTS</b></td></tr>
<tr><td><b>Test method</b></td>
<td width="30%"><b>Exception</b></td>
<td width="10%"><b>Time (seconds)</b></td>
<td><b>Instance</b></td>
</tr>
<tr>
<td title='backend.MakeUserTest.validateNewUser()'><b>validateNewUser</b><br>Test class: backend.MakeUserTest<br>Test method: check if new user was succesfully added</td>
<td><div><pre>org.openqa.selenium.WebDriverException: unknown error: Element is not clickable at point (44, 189). Other element would receive the click: &lt;div class=&quot;ui-widget-overlay&quot; style=&quot;width: 1025px; height: 744px; z-index: 1001;&quot;&gt;&lt;/div&gt;
  (Session info: chrome=46.0.2490.80)
  (Driver info: chromedriver=2.20.353141 (da3cb4b52d3a04ce079546eac4dc96182f58602b),platform=Linux 3.13.0-66-generic x86) (WARNING: The server did not provide any stacktrace information)
Command duration or timeout: 81 milliseconds
Build info: version: &apos;2.43.0&apos;, revision: &apos;accb3003b9fb8f7cae30f9669b4c594a065396a6&apos;, time: &apos;2014-09-09 22:22:51&apos;
System info: host: &apos;camiel-linuxLaptop&apos;, ip: &apos;127.0.1.1&apos;, os.name: &apos;Linux&apos;, os.arch: &apos;i386&apos;, os.version: &apos;3.13.0-66-generic&apos;, java.version: &apos;1.7.0_79&apos;
Session ID: c8dc5814ad832d73a8927798e78e9ae8
Driver info: org.openqa.selenium.chrome.ChromeDriver
Capabilities [{platform=LINUX, acceptSslCerts=true, javascriptEnabled=true, browserName=chrome, chrome={userDataDir=/tmp/.com.google.Chrome.To6OR4}, rotatable=false, locationContextEnabled=true, mobileEmulationEnabled=false, version=46.0.2490.80, takesHeapSnapshot=true, cssSelectorsEnabled=true, databaseEnabled=false, handlesAlerts=true, browserConnectionEnabled=false, nativeEvents=true, webStorageEnabled=true, hasTouchScreen=false, applicationCacheEnabled=false, takesScreenshot=true}]
	at org.openqa.selenium.remote.ErrorHandler.createThrowable(ErrorHandler.java:204)
	at org.openqa.selenium.remote.ErrorHandler.throwIfResponseFailed(ErrorHandler.java:156)
	at org.openqa.selenium.remote.RemoteWebDriver.execute(RemoteWebDriver.java:599)
	at org.openqa.selenium.remote.RemoteWebElement.execute(RemoteWebElement.java:268)
	at org.openqa.selenium.remote.RemoteWebElement.click(RemoteWebElement.java:79)
	at backend.MakeUserTest.validateNewUser(MakeUserTest.java:71)
... Removed 38 stack frames</pre></div><a href='#' onClick='toggleBox("stack-trace14613939", this, "Click to show all stack frames", "Click to hide stack frames")'>Click to show all stack frames</a>
<div class='stack-trace' id='stack-trace14613939'><pre>org.openqa.selenium.WebDriverException: unknown error: Element is not clickable at point (44, 189). Other element would receive the click: &lt;div class=&quot;ui-widget-overlay&quot; style=&quot;width: 1025px; height: 744px; z-index: 1001;&quot;&gt;&lt;/div&gt;
  (Session info: chrome=46.0.2490.80)
  (Driver info: chromedriver=2.20.353141 (da3cb4b52d3a04ce079546eac4dc96182f58602b),platform=Linux 3.13.0-66-generic x86) (WARNING: The server did not provide any stacktrace information)
Command duration or timeout: 81 milliseconds
Build info: version: &apos;2.43.0&apos;, revision: &apos;accb3003b9fb8f7cae30f9669b4c594a065396a6&apos;, time: &apos;2014-09-09 22:22:51&apos;
System info: host: &apos;camiel-linuxLaptop&apos;, ip: &apos;127.0.1.1&apos;, os.name: &apos;Linux&apos;, os.arch: &apos;i386&apos;, os.version: &apos;3.13.0-66-generic&apos;, java.version: &apos;1.7.0_79&apos;
Session ID: c8dc5814ad832d73a8927798e78e9ae8
Driver info: org.openqa.selenium.chrome.ChromeDriver
Capabilities [{platform=LINUX, acceptSslCerts=true, javascriptEnabled=true, browserName=chrome, chrome={userDataDir=/tmp/.com.google.Chrome.To6OR4}, rotatable=false, locationContextEnabled=true, mobileEmulationEnabled=false, version=46.0.2490.80, takesHeapSnapshot=true, cssSelectorsEnabled=true, databaseEnabled=false, handlesAlerts=true, browserConnectionEnabled=false, nativeEvents=true, webStorageEnabled=true, hasTouchScreen=false, applicationCacheEnabled=false, takesScreenshot=true}]
	at sun.reflect.NativeConstructorAccessorImpl.newInstance0(Native Method)
	at sun.reflect.NativeConstructorAccessorImpl.newInstance(NativeConstructorAccessorImpl.java:57)
	at sun.reflect.DelegatingConstructorAccessorImpl.newInstance(DelegatingConstructorAccessorImpl.java:45)
	at java.lang.reflect.Constructor.newInstance(Constructor.java:526)
	at org.openqa.selenium.remote.ErrorHandler.createThrowable(ErrorHandler.java:204)
	at org.openqa.selenium.remote.ErrorHandler.throwIfResponseFailed(ErrorHandler.java:156)
	at org.openqa.selenium.remote.RemoteWebDriver.execute(RemoteWebDriver.java:599)
	at org.openqa.selenium.remote.RemoteWebElement.execute(RemoteWebElement.java:268)
	at org.openqa.selenium.remote.RemoteWebElement.click(RemoteWebElement.java:79)
	at backend.MakeUserTest.validateNewUser(MakeUserTest.java:71)
	at sun.reflect.NativeMethodAccessorImpl.invoke0(Native Method)
	at sun.reflect.NativeMethodAccessorImpl.invoke(NativeMethodAccessorImpl.java:57)
	at sun.reflect.DelegatingMethodAccessorImpl.invoke(DelegatingMethodAccessorImpl.java:43)
	at java.lang.reflect.Method.invoke(Method.java:606)
	at org.testng.internal.MethodInvocationHelper.invokeMethod(MethodInvocationHelper.java:85)
	at org.testng.internal.Invoker.invokeMethod(Invoker.java:659)
	at org.testng.internal.Invoker.invokeTestMethod(Invoker.java:845)
	at org.testng.internal.Invoker.invokeTestMethods(Invoker.java:1153)
	at org.testng.internal.TestMethodWorker.invokeTestMethods(TestMethodWorker.java:125)
	at org.testng.internal.TestMethodWorker.run(TestMethodWorker.java:108)
	at org.testng.TestRunner.privateRun(TestRunner.java:771)
	at org.testng.TestRunner.run(TestRunner.java:621)
	at org.testng.SuiteRunner.runTest(SuiteRunner.java:357)
	at org.testng.SuiteRunner.runSequentially(SuiteRunner.java:352)
	at org.testng.SuiteRunner.privateRun(SuiteRunner.java:310)
	at org.testng.SuiteRunner.run(SuiteRunner.java:259)
	at org.testng.SuiteRunnerWorker.runSuite(SuiteRunnerWorker.java:52)
	at org.testng.SuiteRunnerWorker.run(SuiteRunnerWorker.java:86)
	at org.testng.TestNG.runSuitesSequentially(TestNG.java:1199)
	at org.testng.TestNG.runSuitesLocally(TestNG.java:1124)
	at org.testng.TestNG.run(TestNG.java:1032)
	at org.apache.maven.surefire.testng.TestNGExecutor.run(TestNGExecutor.java:70)
	at org.apache.maven.surefire.testng.TestNGDirectoryTestSuite.executeMulti(TestNGDirectoryTestSuite.java:160)
	at org.apache.maven.surefire.testng.TestNGDirectoryTestSuite.execute(TestNGDirectoryTestSuite.java:100)
	at org.apache.maven.surefire.testng.TestNGProvider.invoke(TestNGProvider.java:115)
	at sun.reflect.NativeMethodAccessorImpl.invoke0(Native Method)
	at sun.reflect.NativeMethodAccessorImpl.invoke(NativeMethodAccessorImpl.java:57)
	at sun.reflect.DelegatingMethodAccessorImpl.invoke(DelegatingMethodAccessorImpl.java:43)
	at java.lang.reflect.Method.invoke(Method.java:606)
	at org.apache.maven.surefire.util.ReflectionUtils.invokeMethodWithArray(ReflectionUtils.java:188)
	at org.apache.maven.surefire.booter.ProviderFactory$ProviderProxy.invoke(ProviderFactory.java:166)
	at org.apache.maven.surefire.booter.ProviderFactory.invokeProvider(ProviderFactory.java:86)
	at org.apache.maven.surefire.booter.ForkedBooter.runSuitesInProcess(ForkedBooter.java:101)
	at org.apache.maven.surefire.booter.ForkedBooter.main(ForkedBooter.java:74)
</pre></div></td>
<td>0</td>
<td>backend.MakeUserTest@186f987</td></tr>
</table><p>
<table width='100%' border='1' class='invocation-passed'>
<tr><td colspan='4' align='center'><b>PASSED TESTS</b></td></tr>
<tr><td><b>Test method</b></td>
<td width="30%"><b>Exception</b></td>
<td width="10%"><b>Time (seconds)</b></td>
<td><b>Instance</b></td>
</tr>
<tr>
<td title='backend.BackendLoginTest.frontendInvalidLogin()'><b>frontendInvalidLogin</b><br>Test class: backend.BackendLoginTest<br>Test method: wfp frontend invalid credentials login</td>
<td></td>
<td>0</td>
<td>backend.BackendLoginTest@b41cfa</td></tr>
<tr>
<td title='frontend.FrontendLoginTest.frontendInvalidLogin()'><b>frontendInvalidLogin</b><br>Test class: frontend.FrontendLoginTest<br>Test method: wfp frontend invalid credentials login</td>
<td></td>
<td>0</td>
<td>frontend.FrontendLoginTest@194b34a</td></tr>
<tr>
<td title='backend.BackendLoginTest.frontendInvalidPassLogin()'><b>frontendInvalidPassLogin</b><br>Test class: backend.BackendLoginTest<br>Test method: wfp frontend invalid password login</td>
<td></td>
<td>0</td>
<td>backend.BackendLoginTest@b41cfa</td></tr>
<tr>
<td title='frontend.FrontendLoginTest.frontendInvalidPassLogin()'><b>frontendInvalidPassLogin</b><br>Test class: frontend.FrontendLoginTest<br>Test method: wfp frontend invalid password login</td>
<td></td>
<td>0</td>
<td>frontend.FrontendLoginTest@194b34a</td></tr>
<tr>
<td title='backend.BackendLoginTest.frontendInvalidUserLogin()'><b>frontendInvalidUserLogin</b><br>Test class: backend.BackendLoginTest<br>Test method: wfp frontend invalid username login</td>
<td></td>
<td>0</td>
<td>backend.BackendLoginTest@b41cfa</td></tr>
<tr>
<td title='frontend.FrontendLoginTest.frontendInvalidUserLogin()'><b>frontendInvalidUserLogin</b><br>Test class: frontend.FrontendLoginTest<br>Test method: wfp frontend invalid username login</td>
<td></td>
<td>0</td>
<td>frontend.FrontendLoginTest@194b34a</td></tr>
<tr>
<td title='backend.BackendLoginTest.frontendSetup()'><b>frontendSetup</b><br>Test class: backend.BackendLoginTest<br>Test method: wfp backend setup</td>
<td></td>
<td>1</td>
<td>backend.BackendLoginTest@b41cfa</td></tr>
<tr>
<td title='frontend.FrontendLoginTest.frontendSetup()'><b>frontendSetup</b><br>Test class: frontend.FrontendLoginTest<br>Test method: wfp frontend setup</td>
<td></td>
<td>1</td>
<td>frontend.FrontendLoginTest@194b34a</td></tr>
<tr>
<td title='backend.BackendLoginTest.frontendValidLogin()'><b>frontendValidLogin</b><br>Test class: backend.BackendLoginTest<br>Test method: 5. wfp frontend valid login</td>
<td></td>
<td>0</td>
<td>backend.BackendLoginTest@b41cfa</td></tr>
<tr>
<td title='frontend.FrontendLoginTest.frontendValidLogin()'><b>frontendValidLogin</b><br>Test class: frontend.FrontendLoginTest<br>Test method: 5. wfp frontend valid login</td>
<td></td>
<td>5</td>
<td>frontend.FrontendLoginTest@194b34a</td></tr>
<tr>
<td title='backend.MakeUserTest.makeUser()'><b>makeUser</b><br>Test class: backend.MakeUserTest<br>Test method: create user</td>
<td></td>
<td>1</td>
<td>backend.MakeUserTest@186f987</td></tr>
<tr>
<td title='backend.MakeUserTest.openUserPage()'><b>openUserPage</b><br>Test class: backend.MakeUserTest<br>Test method: open user panel</td>
<td></td>
<td>1</td>
<td>backend.MakeUserTest@186f987</td></tr>
</table><p>
</body>
</html>