<html>
<head>
<title>TestNG:  Command line test</title>
<link href="../testng.css" rel="stylesheet" type="text/css" />
<link href="../my-testng.css" rel="stylesheet" type="text/css" />

<style type="text/css">
.log { display: none;} 
.stack-trace { display: none;} 
</style>
<script type="text/javascript">
<!--
function flip(e) {
  current = e.style.display;
  if (current == 'block') {
    e.style.display = 'none';
    return 0;
  }
  else {
    e.style.display = 'block';
    return 1;
  }
}

function toggleBox(szDivId, elem, msg1, msg2)
{
  var res = -1;  if (document.getElementById) {
    res = flip(document.getElementById(szDivId));
  }
  else if (document.all) {
    // this is the way old msie versions work
    res = flip(document.all[szDivId]);
  }
  if(elem) {
    if(res == 0) elem.innerHTML = msg1; else elem.innerHTML = msg2;
  }

}

function toggleAllBoxes() {
  if (document.getElementsByTagName) {
    d = document.getElementsByTagName('div');
    for (i = 0; i < d.length; i++) {
      if (d[i].className == 'log') {
        flip(d[i]);
      }
    }
  }
}

// -->
</script>

</head>
<body>
<h2 align='center'>Command line test</h2><table border='1' align="center">
<tr>
<td>Tests passed/Failed/Skipped:</td><td>0/0/15</td>
</tr><tr>
<td>Started on:</td><td>Fri Jan 22 14:31:54 CET 2016</td>
</tr>
<tr><td>Total time:</td><td>0 seconds (26 ms)</td>
</tr><tr>
<td>Included groups:</td><td></td>
</tr><tr>
<td>Excluded groups:</td><td></td>
</tr>
</table><p/>
<small><i>(Hover the method name to see the test class name)</i></small><p/>
<table width='100%' border='1' class='invocation-failed'>
<tr><td colspan='4' align='center'><b>FAILED CONFIGURATIONS</b></td></tr>
<tr><td><b>Test method</b></td>
<td width="30%"><b>Exception</b></td>
<td width="10%"><b>Time (seconds)</b></td>
<td><b>Instance</b></td>
</tr>
<tr>
<td title='backend.BackendLoginTest.setupBeforeSuite()'><b>setupBeforeSuite</b><br>Test class: backend.BackendLoginTest<br>Parameters: org.testng.TestRunner@15e975c</td>
<td><div><pre>java.lang.AssertionError: expected [Welcome to Workflow4people Forms] but found [Welkom bij Opleiding wijkverpleging]
	at resources.FrontendLogin.submitForm(FrontendLogin.java:32)
	at resources.SuiteSetup.getFrontendDriver(SuiteSetup.java:43)
	at frontend.FormVisibilityTest.setupBeforeSuite(FormVisibilityTest.java:30)
... Removed 33 stack frames</pre></div><a href='#' onClick='toggleBox("stack-trace32338143", this, "Click to show all stack frames", "Click to hide stack frames")'>Click to show all stack frames</a>
<div class='stack-trace' id='stack-trace32338143'><pre>java.lang.AssertionError: expected [Welcome to Workflow4people Forms] but found [Welkom bij Opleiding wijkverpleging]
	at org.testng.Assert.fail(Assert.java:94)
	at org.testng.Assert.failNotEquals(Assert.java:496)
	at org.testng.Assert.assertEquals(Assert.java:125)
	at org.testng.Assert.assertEquals(Assert.java:178)
	at org.testng.Assert.assertEquals(Assert.java:188)
	at resources.FrontendLogin.submitForm(FrontendLogin.java:32)
	at resources.SuiteSetup.getFrontendDriver(SuiteSetup.java:43)
	at frontend.FormVisibilityTest.setupBeforeSuite(FormVisibilityTest.java:30)
	at sun.reflect.NativeMethodAccessorImpl.invoke0(Native Method)
	at sun.reflect.NativeMethodAccessorImpl.invoke(NativeMethodAccessorImpl.java:57)
	at sun.reflect.DelegatingMethodAccessorImpl.invoke(DelegatingMethodAccessorImpl.java:43)
	at java.lang.reflect.Method.invoke(Method.java:606)
	at org.testng.internal.MethodInvocationHelper.invokeMethod(MethodInvocationHelper.java:85)
	at org.testng.internal.Invoker.invokeConfigurationMethod(Invoker.java:517)
	at org.testng.internal.Invoker.invokeConfigurations(Invoker.java:213)
	at org.testng.internal.Invoker.invokeConfigurations(Invoker.java:140)
	at org.testng.SuiteRunner.privateRun(SuiteRunner.java:296)
	at org.testng.SuiteRunner.run(SuiteRunner.java:259)
	at org.testng.SuiteRunnerWorker.runSuite(SuiteRunnerWorker.java:52)
	at org.testng.SuiteRunnerWorker.run(SuiteRunnerWorker.java:86)
	at org.testng.TestNG.runSuitesSequentially(TestNG.java:1199)
	at org.testng.TestNG.runSuitesLocally(TestNG.java:1124)
	at org.testng.TestNG.run(TestNG.java:1032)
	at org.apache.maven.surefire.testng.TestNGExecutor.run(TestNGExecutor.java:70)
	at org.apache.maven.surefire.testng.TestNGDirectoryTestSuite.executeMulti(TestNGDirectoryTestSuite.java:160)
	at org.apache.maven.surefire.testng.TestNGDirectoryTestSuite.execute(TestNGDirectoryTestSuite.java:100)
	at org.apache.maven.surefire.testng.TestNGProvider.invoke(TestNGProvider.java:115)
	at sun.reflect.NativeMethodAccessorImpl.invoke0(Native Method)
	at sun.reflect.NativeMethodAccessorImpl.invoke(NativeMethodAccessorImpl.java:57)
	at sun.reflect.DelegatingMethodAccessorImpl.invoke(DelegatingMethodAccessorImpl.java:43)
	at java.lang.reflect.Method.invoke(Method.java:606)
	at org.apache.maven.surefire.util.ReflectionUtils.invokeMethodWithArray(ReflectionUtils.java:188)
	at org.apache.maven.surefire.booter.ProviderFactory$ProviderProxy.invoke(ProviderFactory.java:166)
	at org.apache.maven.surefire.booter.ProviderFactory.invokeProvider(ProviderFactory.java:86)
	at org.apache.maven.surefire.booter.ForkedBooter.runSuitesInProcess(ForkedBooter.java:101)
	at org.apache.maven.surefire.booter.ForkedBooter.main(ForkedBooter.java:74)
</pre></div></td>
<td>0</td>
<td>null</td></tr>
</table><p>
<table width='100%' border='1' class='invocation-skipped'>
<tr><td colspan='4' align='center'><b>SKIPPED CONFIGURATIONS</b></td></tr>
<tr><td><b>Test method</b></td>
<td width="30%"><b>Exception</b></td>
<td width="10%"><b>Time (seconds)</b></td>
<td><b>Instance</b></td>
</tr>
<tr>
<td title='backend.BackendLoginTest.setupBeforeSuite()'><b>setupBeforeSuite</b><br>Test class: backend.BackendLoginTest</td>
<td></td>
<td>0</td>
<td>null</td></tr>
<tr>
<td title='backend.BackendLoginTest.setupBeforeSuite()'><b>setupBeforeSuite</b><br>Test class: backend.BackendLoginTest</td>
<td></td>
<td>0</td>
<td>null</td></tr>
</table><p>
<table width='100%' border='1' class='invocation-skipped'>
<tr><td colspan='4' align='center'><b>SKIPPED TESTS</b></td></tr>
<tr><td><b>Test method</b></td>
<td width="30%"><b>Exception</b></td>
<td width="10%"><b>Time (seconds)</b></td>
<td><b>Instance</b></td>
</tr>
<tr>
<td title='frontend.FormVisibilityTest.checkElementVisibility()'><b>checkElementVisibility</b><br>Test class: frontend.FormVisibilityTest<br>Test method: element visibility</td>
<td></td>
<td>0</td>
<td>frontend.FormVisibilityTest@e64834</td></tr>
<tr>
<td title='frontend.FrontendLoginTest.frontendInvalidLogin()'><b>frontendInvalidLogin</b><br>Test class: frontend.FrontendLoginTest<br>Test method: wfp frontend invalid credentials login</td>
<td></td>
<td>0</td>
<td>frontend.FrontendLoginTest@8e7b84</td></tr>
<tr>
<td title='backend.BackendLoginTest.frontendInvalidLogin()'><b>frontendInvalidLogin</b><br>Test class: backend.BackendLoginTest<br>Test method: wfp frontend invalid credentials login</td>
<td></td>
<td>0</td>
<td>backend.BackendLoginTest@1d8867</td></tr>
<tr>
<td title='frontend.FrontendLoginTest.frontendInvalidPassLogin()'><b>frontendInvalidPassLogin</b><br>Test class: frontend.FrontendLoginTest<br>Test method: wfp frontend invalid password login</td>
<td></td>
<td>0</td>
<td>frontend.FrontendLoginTest@8e7b84</td></tr>
<tr>
<td title='backend.BackendLoginTest.frontendInvalidPassLogin()'><b>frontendInvalidPassLogin</b><br>Test class: backend.BackendLoginTest<br>Test method: wfp frontend invalid password login</td>
<td></td>
<td>0</td>
<td>backend.BackendLoginTest@1d8867</td></tr>
<tr>
<td title='frontend.FrontendLoginTest.frontendInvalidUserLogin()'><b>frontendInvalidUserLogin</b><br>Test class: frontend.FrontendLoginTest<br>Test method: wfp frontend invalid username login</td>
<td></td>
<td>0</td>
<td>frontend.FrontendLoginTest@8e7b84</td></tr>
<tr>
<td title='backend.BackendLoginTest.frontendInvalidUserLogin()'><b>frontendInvalidUserLogin</b><br>Test class: backend.BackendLoginTest<br>Test method: wfp frontend invalid username login</td>
<td></td>
<td>0</td>
<td>backend.BackendLoginTest@1d8867</td></tr>
<tr>
<td title='frontend.FrontendLoginTest.frontendSetup()'><b>frontendSetup</b><br>Test class: frontend.FrontendLoginTest<br>Test method: wfp frontend setup</td>
<td></td>
<td>0</td>
<td>frontend.FrontendLoginTest@8e7b84</td></tr>
<tr>
<td title='backend.BackendLoginTest.frontendSetup()'><b>frontendSetup</b><br>Test class: backend.BackendLoginTest<br>Test method: wfp backend setup</td>
<td></td>
<td>0</td>
<td>backend.BackendLoginTest@1d8867</td></tr>
<tr>
<td title='frontend.FrontendLoginTest.frontendValidLogin()'><b>frontendValidLogin</b><br>Test class: frontend.FrontendLoginTest<br>Test method: 5. wfp frontend valid login</td>
<td></td>
<td>0</td>
<td>frontend.FrontendLoginTest@8e7b84</td></tr>
<tr>
<td title='backend.BackendLoginTest.frontendValidLogin()'><b>frontendValidLogin</b><br>Test class: backend.BackendLoginTest<br>Test method: 5. wfp frontend valid login</td>
<td></td>
<td>0</td>
<td>backend.BackendLoginTest@1d8867</td></tr>
<tr>
<td title='backend.MakeUserTest.makeUser()'><b>makeUser</b><br>Test class: backend.MakeUserTest<br>Test method: create user</td>
<td><div><pre>java.lang.Throwable: Method MakeUserTest.makeUser()[pri:0, instance:backend.MakeUserTest@bfbefc] depends on not successfully finished methods
... Removed 27 stack frames</pre></div><a href='#' onClick='toggleBox("stack-trace30586675", this, "Click to show all stack frames", "Click to hide stack frames")'>Click to show all stack frames</a>
<div class='stack-trace' id='stack-trace30586675'><pre>java.lang.Throwable: Method MakeUserTest.makeUser()[pri:0, instance:backend.MakeUserTest@bfbefc] depends on not successfully finished methods
	at org.testng.internal.Invoker.invokeTestMethods(Invoker.java:1063)
	at org.testng.internal.TestMethodWorker.invokeTestMethods(TestMethodWorker.java:125)
	at org.testng.internal.TestMethodWorker.run(TestMethodWorker.java:108)
	at org.testng.TestRunner.privateRun(TestRunner.java:771)
	at org.testng.TestRunner.run(TestRunner.java:621)
	at org.testng.SuiteRunner.runTest(SuiteRunner.java:357)
	at org.testng.SuiteRunner.runSequentially(SuiteRunner.java:352)
	at org.testng.SuiteRunner.privateRun(SuiteRunner.java:310)
	at org.testng.SuiteRunner.run(SuiteRunner.java:259)
	at org.testng.SuiteRunnerWorker.runSuite(SuiteRunnerWorker.java:52)
	at org.testng.SuiteRunnerWorker.run(SuiteRunnerWorker.java:86)
	at org.testng.TestNG.runSuitesSequentially(TestNG.java:1199)
	at org.testng.TestNG.runSuitesLocally(TestNG.java:1124)
	at org.testng.TestNG.run(TestNG.java:1032)
	at org.apache.maven.surefire.testng.TestNGExecutor.run(TestNGExecutor.java:70)
	at org.apache.maven.surefire.testng.TestNGDirectoryTestSuite.executeMulti(TestNGDirectoryTestSuite.java:160)
	at org.apache.maven.surefire.testng.TestNGDirectoryTestSuite.execute(TestNGDirectoryTestSuite.java:100)
	at org.apache.maven.surefire.testng.TestNGProvider.invoke(TestNGProvider.java:115)
	at sun.reflect.NativeMethodAccessorImpl.invoke0(Native Method)
	at sun.reflect.NativeMethodAccessorImpl.invoke(NativeMethodAccessorImpl.java:57)
	at sun.reflect.DelegatingMethodAccessorImpl.invoke(DelegatingMethodAccessorImpl.java:43)
	at java.lang.reflect.Method.invoke(Method.java:606)
	at org.apache.maven.surefire.util.ReflectionUtils.invokeMethodWithArray(ReflectionUtils.java:188)
	at org.apache.maven.surefire.booter.ProviderFactory$ProviderProxy.invoke(ProviderFactory.java:166)
	at org.apache.maven.surefire.booter.ProviderFactory.invokeProvider(ProviderFactory.java:86)
	at org.apache.maven.surefire.booter.ForkedBooter.runSuitesInProcess(ForkedBooter.java:101)
	at org.apache.maven.surefire.booter.ForkedBooter.main(ForkedBooter.java:74)
</pre></div></td>
<td>0</td>
<td>null</td></tr>
<tr>
<td title='frontend.FormVisibilityTest.openForm()'><b>openForm</b><br>Test class: frontend.FormVisibilityTest<br>Test method: open form</td>
<td></td>
<td>0</td>
<td>frontend.FormVisibilityTest@e64834</td></tr>
<tr>
<td title='backend.MakeUserTest.openUserPage()'><b>openUserPage</b><br>Test class: backend.MakeUserTest<br>Test method: open user panel</td>
<td></td>
<td>0</td>
<td>backend.MakeUserTest@bfbefc</td></tr>
<tr>
<td title='backend.MakeUserTest.validateNewUser()'><b>validateNewUser</b><br>Test class: backend.MakeUserTest<br>Test method: check if new user was succesfully added</td>
<td><div><pre>java.lang.Throwable: Method MakeUserTest.validateNewUser()[pri:0, instance:backend.MakeUserTest@bfbefc] depends on not successfully finished methods
... Removed 27 stack frames</pre></div><a href='#' onClick='toggleBox("stack-trace1883219", this, "Click to show all stack frames", "Click to hide stack frames")'>Click to show all stack frames</a>
<div class='stack-trace' id='stack-trace1883219'><pre>java.lang.Throwable: Method MakeUserTest.validateNewUser()[pri:0, instance:backend.MakeUserTest@bfbefc] depends on not successfully finished methods
	at org.testng.internal.Invoker.invokeTestMethods(Invoker.java:1063)
	at org.testng.internal.TestMethodWorker.invokeTestMethods(TestMethodWorker.java:125)
	at org.testng.internal.TestMethodWorker.run(TestMethodWorker.java:108)
	at org.testng.TestRunner.privateRun(TestRunner.java:771)
	at org.testng.TestRunner.run(TestRunner.java:621)
	at org.testng.SuiteRunner.runTest(SuiteRunner.java:357)
	at org.testng.SuiteRunner.runSequentially(SuiteRunner.java:352)
	at org.testng.SuiteRunner.privateRun(SuiteRunner.java:310)
	at org.testng.SuiteRunner.run(SuiteRunner.java:259)
	at org.testng.SuiteRunnerWorker.runSuite(SuiteRunnerWorker.java:52)
	at org.testng.SuiteRunnerWorker.run(SuiteRunnerWorker.java:86)
	at org.testng.TestNG.runSuitesSequentially(TestNG.java:1199)
	at org.testng.TestNG.runSuitesLocally(TestNG.java:1124)
	at org.testng.TestNG.run(TestNG.java:1032)
	at org.apache.maven.surefire.testng.TestNGExecutor.run(TestNGExecutor.java:70)
	at org.apache.maven.surefire.testng.TestNGDirectoryTestSuite.executeMulti(TestNGDirectoryTestSuite.java:160)
	at org.apache.maven.surefire.testng.TestNGDirectoryTestSuite.execute(TestNGDirectoryTestSuite.java:100)
	at org.apache.maven.surefire.testng.TestNGProvider.invoke(TestNGProvider.java:115)
	at sun.reflect.NativeMethodAccessorImpl.invoke0(Native Method)
	at sun.reflect.NativeMethodAccessorImpl.invoke(NativeMethodAccessorImpl.java:57)
	at sun.reflect.DelegatingMethodAccessorImpl.invoke(DelegatingMethodAccessorImpl.java:43)
	at java.lang.reflect.Method.invoke(Method.java:606)
	at org.apache.maven.surefire.util.ReflectionUtils.invokeMethodWithArray(ReflectionUtils.java:188)
	at org.apache.maven.surefire.booter.ProviderFactory$ProviderProxy.invoke(ProviderFactory.java:166)
	at org.apache.maven.surefire.booter.ProviderFactory.invokeProvider(ProviderFactory.java:86)
	at org.apache.maven.surefire.booter.ForkedBooter.runSuitesInProcess(ForkedBooter.java:101)
	at org.apache.maven.surefire.booter.ForkedBooter.main(ForkedBooter.java:74)
</pre></div></td>
<td>0</td>
<td>null</td></tr>
</table><p>
</body>
</html>